<?xml version="1.0" encoding="UTF-8"?>
<testng-results ignored="0" total="2" passed="2" failed="0" skipped="0">
  <reporter-output>
  </reporter-output>
  <suite started-at="2020-04-08T14:59:14 IST" name="Suite" finished-at="2020-04-08T15:01:05 IST" duration-ms="110681">
    <groups>
    </groups>
    <test started-at="2020-04-08T14:59:14 IST" name="Test" finished-at="2020-04-08T15:01:05 IST" duration-ms="110681">
      <class name="test.HomePageTest">
        <test-method is-config="true" signature="setup()[pri:0, instance:test.HomePageTest@3d121db3]" started-at="2020-04-08T14:59:15 IST" name="setup" finished-at="2020-04-08T15:00:10 IST" duration-ms="55051" status="PASS">
          <reporter-output>
          </reporter-output>
        </test-method> <!-- setup -->
        <test-method signature="test1()[pri:0, instance:test.HomePageTest@3d121db3]" started-at="2020-04-08T15:00:10 IST" name="test1" finished-at="2020-04-08T15:00:13 IST" duration-ms="2999" status="PASS">
          <reporter-output>
          </reporter-output>
        </test-method> <!-- test1 -->
      </class> <!-- test.HomePageTest -->
      <class name="test.SecondHomePageTest">
        <test-method is-config="true" signature="setup()[pri:0, instance:test.SecondHomePageTest@3b07a0d6]" started-at="2020-04-08T15:00:13 IST" name="setup" finished-at="2020-04-08T15:01:05 IST" duration-ms="52208" status="PASS">
          <reporter-output>
          </reporter-output>
        </test-method> <!-- setup -->
        <test-method signature="test2()[pri:0, instance:test.SecondHomePageTest@3b07a0d6]" started-at="2020-04-08T15:01:05 IST" name="test2" finished-at="2020-04-08T15:01:05 IST" duration-ms="261" status="PASS">
          <reporter-output>
          </reporter-output>
        </test-method> <!-- test2 -->
      </class> <!-- test.SecondHomePageTest -->
    </test> <!-- Test -->
  </suite> <!-- Suite -->
</testng-results>
